Field 'districts' (0) - {
  "fieldName" : "districts",
  "totalCount" : 147,
  "sampleCount" : 147,
  "matchCount" : 62,
  "nullCount" : 0,
  "blankCount" : 85,
  "distinctCount" : 31,
  "regExp" : ".{4,71}",
  "confidence" : 1.0,
  "type" : "String",
  "min" : "Bristol, Salem, Staunton",
  "max" : "s/b \"Transforming Rail in VA\"",
  "minLength" : 4,
  "maxLength" : 71,
  "topK" : [ "s/b \"Transforming Rail in VA\"", "Various", "Staunton", "Shape needs to be updated.", "Salem, Lynchburg", "Salem, Bristol", "Salem", "Richmond, Hampton Roads", "Richmond", "Port of Virginia and Serving Railroad Improvements" ],
  "bottomK" : [ "Bristol, Salem, Staunton", "CSX National Gateway / I-95 Corridor", "Capacity and Speed Improvements", "Capital Equipment Contribution for Intercity Passenger Rail Service", "Culpeper, Nova", "Fredericksburg, Nova", "Fredericksburg, Richmond", "Hampton Roads", "Hampton Roads Passenger Rail Improvements", "Lynchburg, Culpeper, Nova" ],
  "cardinality" : 31,
  "outlierCardinality" : 0,
  "shapesCardinality" : -1,
  "leadingWhiteSpace" : false,
  "trailingWhiteSpace" : false,
  "multiline" : false,
  "logicalType" : false,
  "keyConfidence" : 0.0,
  "uniqueness" : 0.6774193548387096,
  "detectionLocale" : "en-US",
  "ftaVersion" : "10.0.0",
  "structureSignature" : "PA32YJzAuT7t51risYawt5S+ytI=",
  "dataSignature" : "Nt38xWS7npua1Wy0fxXS1AXu04Y="
}
Field 'project_description' (1) - {
  "fieldName" : "project_description",
  "totalCount" : 147,
  "sampleCount" : 147,
  "matchCount" : 57,
  "nullCount" : 0,
  "blankCount" : 89,
  "distinctCount" : 52,
  "regExp" : ".{9,93}",
  "confidence" : 1.0,
  "type" : "String",
  "typeQualifier" : "FREE_TEXT",
  "min" : "4th Track",
  "max" : "VIP Capacity Expansion - Front Royal",
  "minLength" : 9,
  "maxLength" : 93,
  "topK" : [ "VIP Capacity Expansion - Front Royal", "Staples Mill Planning Grant and Design Work", "Staples Mill Parking Lot Expansion", "Shoulders Hill Road Siding", "Service Rd and Long Bridge ROW Access", "Route 46 Roanoke Service", "Route 29 to I-81 Corridor Future Operations", "Route 29 Rail Corridor Improvements", "Roanoke Route 46 Service, 1 daily round trip", "Richmond to West Point F-Line Clearances" ],
  "bottomK" : [ "4th Track", "ACCA Yard, Carson to Reams, Crossover Improvements", "Alexandria to Danville Equilateral Switch Replacement", "Amtrak Charlottesville Station Study", "Amtrak Marketing Costs", "Amtrak PIDS: Ashland, Richmond Main Street, Staples Mill Station", "Amtrak Station State-of-Good-Repair", "Arkendale to Powell's Creek Third Track Construction and Island Platforms", "Bedford Amtrak Thruway Intercity Bus Connector", "Bedford Station & Site Analysis" ],
  "cardinality" : 52,
  "outlierCardinality" : 1,
  "shapesCardinality" : -1,
  "leadingWhiteSpace" : false,
  "trailingWhiteSpace" : false,
  "multiline" : false,
  "logicalType" : true,
  "keyConfidence" : 0.0,
  "uniqueness" : 0.9423076923076923,
  "detectionLocale" : "en-US",
  "ftaVersion" : "10.0.0",
  "structureSignature" : "7WbjWLZJ8Zdm+U8po/igrvDH3yE=",
  "dataSignature" : "2hmKswqe3f8Ua2A1w5LGR3Ewh4M="
}
Field 'applicant' (2) - {
  "fieldName" : "applicant",
  "totalCount" : 147,
  "sampleCount" : 147,
  "matchCount" : 58,
  "nullCount" : 0,
  "blankCount" : 89,
  "distinctCount" : 17,
  "regExp" : "(?i)(78520-01|AMTRAK|AMTRAK/DRPT|CENTERPOINT PROPERTIES|CITY OF CHARLOTTESVILLE/TJPDC|CITY OF NEWPORT NEWS|COMMONWEALTH RAILWAY|CSX|CSX/NORFOLK SOUTHERN RAILWAY|DRPT|DRPT / VDOT|DRPT/NORFOLK SOUTHERN RAILWAY|NORFOLK SOUTHERN RAILWAY|TOWN OF BEDFORD|VARIOUS|VIRGINIA PORT AUTHORITY|VRE)",
  "confidence" : 1.0,
  "type" : "String",
  "min" : "78520-01",
  "max" : "Virginia Port Authority",
  "minLength" : 3,
  "maxLength" : 29,
  "topK" : [ "Virginia Port Authority", "Various", "VRE", "Town of Bedford", "Norfolk Southern Railway", "DRPT/Norfolk Southern Railway", "DRPT / VDOT", "DRPT", "Commonwealth Railway", "City of Newport News" ],
  "bottomK" : [ "78520-01", "Amtrak", "Amtrak/DRPT", "CSX", "CSX/Norfolk Southern Railway", "CenterPoint Properties", "City of Charlottesville/TJPDC", "City of Newport News", "Commonwealth Railway", "DRPT" ],
  "cardinality" : 17,
  "outlierCardinality" : 0,
  "shapesCardinality" : 16,
  "leadingWhiteSpace" : false,
  "trailingWhiteSpace" : false,
  "multiline" : false,
  "logicalType" : false,
  "keyConfidence" : 0.0,
  "uniqueness" : 0.5294117647058824,
  "detectionLocale" : "en-US",
  "ftaVersion" : "10.0.0",
  "structureSignature" : "+z5x1dooGd3xXuexTjMmzwTEnnQ=",
  "dataSignature" : "5kYT9+SCA5zgOGFAkqvHySVfa68="
}
Field 'funding_source' (3) - {
  "fieldName" : "funding_source",
  "totalCount" : 147,
  "sampleCount" : 147,
  "matchCount" : 139,
  "nullCount" : 0,
  "blankCount" : 8,
  "distinctCount" : 20,
  "regExp" : ".{3,46}",
  "confidence" : 1.0,
  "type" : "String",
  "min" : "Amtrak",
  "max" : "VTA",
  "minLength" : 3,
  "maxLength" : 46,
  "topK" : [ "VTA", "VDOT - TTF", "Total Station Improvements", "Total Intercity Passenger and Freight Rail", "Total Intercity Passenger Rail Operating Costs", "Total Capital Equipment Contribution", "Total Capacity and Speed Improvements", "Subtotal", "Regional Funds", "REF" ],
  "bottomK" : [ "Amtrak", "FRA CRISI", "FRA SOGR", "Federal", "Federal - FastLane", "Federal - Other", "IPROC", "Local / Private", "Match", "PTF" ],
  "cardinality" : 20,
  "outlierCardinality" : 0,
  "shapesCardinality" : 17,
  "leadingWhiteSpace" : false,
  "trailingWhiteSpace" : false,
  "multiline" : false,
  "logicalType" : false,
  "keyConfidence" : 0.0,
  "uniqueness" : 0.6,
  "detectionLocale" : "en-US",
  "ftaVersion" : "10.0.0",
  "structureSignature" : "DsAMI3OfjmPGxJNwtUOd6kPI87A=",
  "dataSignature" : "Xr0LLcjyYY+kZZRt0JQQAt00pJ4="
}
Field 'previous_allocations' (4) - {
  "fieldName" : "previous_allocations",
  "totalCount" : 147,
  "sampleCount" : 147,
  "matchCount" : 134,
  "nullCount" : 0,
  "blankCount" : 13,
  "distinctCount" : 98,
  "regExp" : "\\d{1,9}",
  "confidence" : 1.0,
  "type" : "Long",
  "min" : "0",
  "max" : "671340696",
  "minLength" : 1,
  "maxLength" : 9,
  "mean" : 1.9622758268656712E7,
  "standardDeviation" : 8.276561567001224E7,
  "topK" : [ "671340696", "659418181", "162008818", "128300000", "102122912", "77186311", "74900000", "55385000", "44467039", "44308000" ],
  "bottomK" : [ "0", "90000", "100000", "138949", "210000", "300000", "303000", "317471", "324214", "330000" ],
  "leadingZeroCount" : 0,
  "cardinality" : 98,
  "outlierCardinality" : 0,
  "shapesCardinality" : 6,
  "leadingWhiteSpace" : false,
  "trailingWhiteSpace" : false,
  "multiline" : false,
  "logicalType" : false,
  "keyConfidence" : 0.0,
  "uniqueness" : 0.9693877551020408,
  "detectionLocale" : "en-US",
  "ftaVersion" : "10.0.0",
  "structureSignature" : "Vnx4B5gIgN2TpPbmXAT8PaY/dYg=",
  "dataSignature" : "BcIS5tI70Yt8HkKixfx8GS9ikB8="
}
Field 'fy20' (5) - {
  "fieldName" : "fy20",
  "totalCount" : 147,
  "sampleCount" : 147,
  "matchCount" : 134,
  "nullCount" : 0,
  "blankCount" : 13,
  "distinctCount" : 58,
  "regExp" : "\\d*\\.?\\d+",
  "confidence" : 1.0,
  "type" : "Double",
  "decimalSeparator" : ".",
  "min" : "0.0",
  "max" : "199996516.73749998",
  "minLength" : 3,
  "maxLength" : 18,
  "mean" : 5867518.108376866,
  "standardDeviation" : 2.5706119834116366E7,
  "topK" : [ "199996516.73749998", "186882876.31", "117568277.0", "32700000.0", "32125348.0", "31088000.0", "14066758.0", "12956082.0", "12000000.0", "11323943.0" ],
  "bottomK" : [ "0.0", "50000.0", "75000.0", "100000.0", "150000.0", "180000.0", "206000.0", "211647.0", "216211.31", "300000.0" ],
  "leadingZeroCount" : 0,
  "cardinality" : 58,
  "outlierCardinality" : 0,
  "shapesCardinality" : 13,
  "leadingWhiteSpace" : false,
  "trailingWhiteSpace" : false,
  "multiline" : false,
  "logicalType" : false,
  "keyConfidence" : 0.0,
  "uniqueness" : 0.9137931034482759,
  "detectionLocale" : "en-US",
  "ftaVersion" : "10.0.0",
  "structureSignature" : "QhCTJTuPHxYjy9Hq2yHJjWKeR7c=",
  "dataSignature" : "vkVoCHxvTgPIaWADVi++SzL5Z7Y="
}
Field 'fy21' (6) - {
  "fieldName" : "fy21",
  "totalCount" : 147,
  "sampleCount" : 147,
  "matchCount" : 134,
  "nullCount" : 0,
  "blankCount" : 13,
  "distinctCount" : 49,
  "regExp" : "\\d*\\.?\\d+",
  "confidence" : 1.0,
  "type" : "Double",
  "decimalSeparator" : ".",
  "min" : "0.0",
  "max" : "145284504.33711874",
  "minLength" : 3,
  "maxLength" : 18,
  "mean" : 4224503.806054898,
  "standardDeviation" : 1.8228960041615773E7,
  "topK" : [ "145284504.33711874", "128391997.0", "78672984.0", "32700000.0", "30312328.0", "19183817.0", "12528525.0", "11180813.0", "10702532.870275002", "8340261.0" ],
  "bottomK" : [ "0.0", "198408.0", "210635.0", "325000.0", "432600.0", "450000.0", "462951.0", "625000.0", "661359.0", "669678.0" ],
  "leadingZeroCount" : 0,
  "cardinality" : 49,
  "outlierCardinality" : 0,
  "shapesCardinality" : 12,
  "leadingWhiteSpace" : false,
  "trailingWhiteSpace" : false,
  "multiline" : false,
  "logicalType" : false,
  "keyConfidence" : 0.0,
  "uniqueness" : 0.8979591836734694,
  "detectionLocale" : "en-US",
  "ftaVersion" : "10.0.0",
  "structureSignature" : "d/fNLfWoRezkyXwrPWEgVZLHGmk=",
  "dataSignature" : "s+CBd5zVl7Og6xpcb233XXrhi7I="
}
Field 'fy22' (7) - {
  "fieldName" : "fy22",
  "totalCount" : 147,
  "sampleCount" : 147,
  "matchCount" : 135,
  "nullCount" : 0,
  "blankCount" : 12,
  "distinctCount" : 36,
  "regExp" : "\\d*\\.?\\d+",
  "confidence" : 1.0,
  "type" : "Double",
  "decimalSeparator" : ".",
  "min" : "0.0",
  "max" : "137684608.40220392",
  "minLength" : 3,
  "maxLength" : 18,
  "mean" : 3948164.816345272,
  "standardDeviation" : 1.7323242043986384E7,
  "topK" : [ "137684608.40220392", "117720535.0", "75828588.0", "34613868.0", "32700000.0", "30935286.0", "14750000.0", "13542439.0", "13124766.359856188", "9754641.0" ],
  "bottomK" : [ "0.0", "215374.28750000003", "235616.0", "445578.0", "500000.0", "600000.0", "900000.0", "942463.0", "1000000.0", "1178079.0" ],
  "leadingZeroCount" : 0,
  "cardinality" : 36,
  "outlierCardinality" : 0,
  "shapesCardinality" : 11,
  "leadingWhiteSpace" : false,
  "trailingWhiteSpace" : false,
  "multiline" : false,
  "logicalType" : false,
  "keyConfidence" : 0.0,
  "uniqueness" : 0.8888888888888888,
  "detectionLocale" : "en-US",
  "ftaVersion" : "10.0.0",
  "structureSignature" : "TglWo4KZEFTkA7YkJs5iXSJfLm8=",
  "dataSignature" : "glT7ZmW+nX9iKTEBvC6J0MmEBGc="
}
Field 'fy23' (8) - {
  "fieldName" : "fy23",
  "totalCount" : 147,
  "sampleCount" : 147,
  "matchCount" : 135,
  "nullCount" : 0,
  "blankCount" : 12,
  "distinctCount" : 32,
  "regExp" : "\\d*\\.?\\d+",
  "confidence" : 1.0,
  "type" : "Double",
  "decimalSeparator" : ".",
  "min" : "0.0",
  "max" : "133696329.45875351",
  "minLength" : 3,
  "maxLength" : 18,
  "mean" : 3827110.8176019317,
  "standardDeviation" : 1.6833947833048504E7,
  "topK" : [ "133696329.45875351", "113276245.0", "67918220.0", "43361626.0", "32700000.0", "31486197.0", "21000000.0", "13416533.077952951", "13361626.0", "9000000.0" ],
  "bottomK" : [ "0.0", "199280.0", "220220.20896875003", "458945.0", "511250.0", "746405.0", "797119.0", "900000.0", "996399.0", "1000000.0" ],
  "leadingZeroCount" : 0,
  "cardinality" : 32,
  "outlierCardinality" : 0,
  "shapesCardinality" : 12,
  "leadingWhiteSpace" : false,
  "trailingWhiteSpace" : false,
  "multiline" : false,
  "logicalType" : false,
  "keyConfidence" : 0.0,
  "uniqueness" : 0.90625,
  "detectionLocale" : "en-US",
  "ftaVersion" : "10.0.0",
  "structureSignature" : "F0F73udOnJp6UTvYqMBuXuewAVk=",
  "dataSignature" : "G/Lt/U5eA3ya3tGF61dorrbj4BY="
}
Field 'fy24' (9) - {
  "fieldName" : "fy24",
  "totalCount" : 147,
  "sampleCount" : 147,
  "matchCount" : 135,
  "nullCount" : 0,
  "blankCount" : 12,
  "distinctCount" : 26,
  "regExp" : "\\d*\\.?\\d+",
  "confidence" : 1.0,
  "type" : "Double",
  "decimalSeparator" : ".",
  "min" : "0.0",
  "max" : "118732674.55407546",
  "minLength" : 3,
  "maxLength" : 18,
  "mean" : 3380793.3382387147,
  "standardDeviation" : 1.4920438289452927E7,
  "topK" : [ "118732674.55407546", "97845509.0", "60739235.0", "39310664.0", "32620919.0", "15000000.0", "13715364.714706894", "6428571.0", "5706388.839368571", "3485355.0" ],
  "bottomK" : [ "0.0", "225175.1636705469", "522753.125", "697071.0", "900000.0", "1000000.0", "1235224.9741608892", "1453091.7199097218", "1465412.0", "2284905.8160875" ],
  "leadingZeroCount" : 0,
  "cardinality" : 26,
  "outlierCardinality" : 0,
  "shapesCardinality" : 12,
  "leadingWhiteSpace" : false,
  "trailingWhiteSpace" : false,
  "multiline" : false,
  "logicalType" : false,
  "keyConfidence" : 0.0,
  "uniqueness" : 0.8076923076923077,
  "detectionLocale" : "en-US",
  "ftaVersion" : "10.0.0",
  "structureSignature" : "FdWjICYFvBErOruSls84ahLNhIo=",
  "dataSignature" : "TZ499EJQictt8qX2HiX7MVNdZiI="
}
Field 'fy25' (10) - {
  "fieldName" : "fy25",
  "totalCount" : 147,
  "sampleCount" : 147,
  "matchCount" : 136,
  "nullCount" : 0,
  "blankCount" : 11,
  "distinctCount" : 25,
  "regExp" : "\\d*\\.?\\d+",
  "confidence" : 1.0,
  "type" : "Double",
  "decimalSeparator" : ".",
  "min" : "0.0",
  "max" : "103831854.72904216",
  "minLength" : 3,
  "maxLength" : 18,
  "mean" : 2914678.670493577,
  "standardDeviation" : 1.3601372285459349E7,
  "topK" : [ "103831854.72904216", "82466261.0", "77170862.0", "41456576.0", "25000000.0", "14021436.140787799", "10714286.0", "5834782.588254364", "4295399.0", "3436319.0" ],
  "bottomK" : [ "0.0", "230241.6048531342", "534515.0703125", "859080.0", "900000.0", "1000000.0", "1263017.5360795092", "1485786.2836076906", "1509375.0", "2336316.196949469" ],
  "leadingZeroCount" : 0,
  "cardinality" : 25,
  "outlierCardinality" : 0,
  "shapesCardinality" : 10,
  "leadingWhiteSpace" : false,
  "trailingWhiteSpace" : false,
  "multiline" : false,
  "logicalType" : false,
  "keyConfidence" : 0.0,
  "uniqueness" : 0.84,
  "detectionLocale" : "en-US",
  "ftaVersion" : "10.0.0",
  "structureSignature" : "tjnBqJDoC58hmxGlXcMPTn8YTg0=",
  "dataSignature" : "/ndrm0kArhWS2Zq6thyNp4rKb/M="
}
Field 'total_programmed' (11) - {
  "fieldName" : "total_programmed",
  "totalCount" : 147,
  "sampleCount" : 147,
  "matchCount" : 139,
  "nullCount" : 0,
  "blankCount" : 8,
  "distinctCount" : 122,
  "regExp" : "\\d*\\.?\\d+",
  "confidence" : 1.0,
  "type" : "Double",
  "decimalSeparator" : ".",
  "min" : "0.0",
  "max" : "1510567184.218694",
  "minLength" : 3,
  "maxLength" : 18,
  "mean" : 4.233270615083512E7,
  "standardDeviation" : 1.7938432449936482E8,
  "topK" : [ "1510567184.218694", "1386001604.31", "534617806.0", "249136166.0", "205413541.0", "169326198.0", "132000000.0", "131808200.0", "102122912.0", "81968926.0" ],
  "bottomK" : [ "0.0", "50000.0", "75000.0", "90000.0", "100000.0", "150000.0", "210000.0", "300000.0", "303000.0", "330000.0" ],
  "leadingZeroCount" : 0,
  "cardinality" : 122,
  "outlierCardinality" : 0,
  "shapesCardinality" : 15,
  "leadingWhiteSpace" : false,
  "trailingWhiteSpace" : false,
  "multiline" : false,
  "logicalType" : false,
  "keyConfidence" : 0.0,
  "uniqueness" : 0.9098360655737705,
  "detectionLocale" : "en-US",
  "ftaVersion" : "10.0.0",
  "structureSignature" : "014GdFc3eTa3j9Pu2T/HBn79268=",
  "dataSignature" : "eeDYj2dGyc5NlWQf82S2Ry6QcMA="
}
Field 'na_count' (12) - {
  "fieldName" : "na_count",
  "totalCount" : 147,
  "sampleCount" : 147,
  "matchCount" : 147,
  "nullCount" : 0,
  "blankCount" : 0,
  "distinctCount" : 9,
  "regExp" : "\\d{1,2}",
  "confidence" : 1.0,
  "type" : "Long",
  "min" : "0",
  "max" : "11",
  "minLength" : 1,
  "maxLength" : 2,
  "mean" : 2.469387755102041,
  "standardDeviation" : 2.5509931971337854,
  "topK" : [ "11", "10", "8", "5", "4", "3", "2", "1", "0" ],
  "bottomK" : [ "0", "1", "2", "3", "4", "5", "8", "10", "11" ],
  "leadingZeroCount" : 0,
  "cardinality" : 9,
  "outlierCardinality" : 0,
  "shapesCardinality" : 2,
  "leadingWhiteSpace" : false,
  "trailingWhiteSpace" : false,
  "multiline" : false,
  "logicalType" : false,
  "keyConfidence" : 0.0,
  "uniqueness" : 0.2222222222222222,
  "detectionLocale" : "en-US",
  "ftaVersion" : "10.0.0",
  "structureSignature" : "B/cFTuoiDSMz57BbEz4yMKqNg60=",
  "dataSignature" : "jVTUw67OtmFkrDbHZm5Qnja3I68="
}
Field 'title' (13) - {
  "fieldName" : "title",
  "totalCount" : 147,
  "sampleCount" : 147,
  "matchCount" : 8,
  "nullCount" : 0,
  "blankCount" : 139,
  "distinctCount" : 1,
  "regExp" : "\\d*\\.?\\d+",
  "confidence" : 1.0,
  "type" : "Double",
  "decimalSeparator" : ".",
  "min" : "1.0",
  "max" : "1.0",
  "minLength" : 3,
  "maxLength" : 3,
  "mean" : 1.0,
  "standardDeviation" : 0.0,
  "topK" : [ "1.0" ],
  "bottomK" : [ "1.0" ],
  "leadingZeroCount" : 0,
  "cardinality" : 1,
  "outlierCardinality" : 0,
  "shapesCardinality" : 1,
  "leadingWhiteSpace" : false,
  "trailingWhiteSpace" : false,
  "multiline" : false,
  "logicalType" : false,
  "keyConfidence" : 0.0,
  "uniqueness" : 0.0,
  "detectionLocale" : "en-US",
  "ftaVersion" : "10.0.0",
  "structureSignature" : "Cw9L/QAGoo9QqrVVe1fAItbp+Fk=",
  "dataSignature" : "rn+z69VWBSyg/2Vux6U+4HstuSM="
}
Summary: File: data/opendata_socrata_com/data.internal.drpt.virginia.gov/dptw-kw5g.csv, Types detected 14 of 14 (100.00%), Matched 1553, Samples 2058, Used Memory: 48.00.
Execution time (#fields: 14, #records: 147): initialization: 264ms, consumption: 1643ms, results: 385ms, total: 2292ms
