Field 'audience' (0) - {
  "fieldName" : "audience",
  "totalCount" : 37,
  "sampleCount" : 37,
  "matchCount" : 37,
  "nullCount" : 0,
  "blankCount" : 0,
  "distinctCount" : 3,
  "regExp" : "(?i)(ADULT|JUVENILE|TEEN)",
  "confidence" : 1.0,
  "type" : "String",
  "min" : "Adult",
  "max" : "Teen",
  "minLength" : 4,
  "maxLength" : 8,
  "topK" : [ "Teen", "Juvenile", "Adult" ],
  "bottomK" : [ "Adult", "Juvenile", "Teen" ],
  "cardinality" : 3,
  "outlierCardinality" : 0,
  "shapesCardinality" : 3,
  "leadingWhiteSpace" : false,
  "trailingWhiteSpace" : false,
  "multiline" : false,
  "logicalType" : false,
  "keyConfidence" : 0.0,
  "uniqueness" : 0.0,
  "detectionLocale" : "en-US",
  "ftaVersion" : "10.0.0",
  "structureSignature" : "AZFRYAhNhFO4wYzGz0hmPSGvu1k=",
  "dataSignature" : "J6oc/bAx0bXW7nvps5vwPBAl3CE="
}
Field 'collection' (1) - {
  "fieldName" : "collection",
  "totalCount" : 37,
  "sampleCount" : 37,
  "matchCount" : 37,
  "nullCount" : 0,
  "blankCount" : 0,
  "distinctCount" : 16,
  "regExp" : "(?i)(AUDIOBOOK|BAGGED COLLECTIONS|BOARD BOOKS|BOOK KITS|DEVICES|DVD|EASY NONFICTION|FICTION|GOV DOCS|GRAPHIC NOVELS|LARGE PRINT FICTION|LARGE PRINT NONFICTION|MUSIC|NONFICTION|PICTURE BOOK|SERIALS)",
  "confidence" : 1.0,
  "type" : "String",
  "min" : "Audiobook",
  "max" : "Serials",
  "minLength" : 3,
  "maxLength" : 22,
  "topK" : [ "Serials", "Picture Book", "Nonfiction", "Music", "Large Print Nonfiction", "Large Print Fiction", "Graphic Novels", "Gov Docs", "Fiction", "Easy Nonfiction" ],
  "bottomK" : [ "Audiobook", "Bagged Collections", "Board Books", "Book Kits", "DVD", "Devices", "Easy Nonfiction", "Fiction", "Gov Docs", "Graphic Novels" ],
  "cardinality" : 16,
  "outlierCardinality" : 0,
  "shapesCardinality" : 14,
  "leadingWhiteSpace" : false,
  "trailingWhiteSpace" : false,
  "multiline" : false,
  "logicalType" : false,
  "keyConfidence" : 0.0,
  "uniqueness" : 0.5625,
  "detectionLocale" : "en-US",
  "ftaVersion" : "10.0.0",
  "structureSignature" : "USwc1PwzphD/H0uOqIYNmc3t480=",
  "dataSignature" : "t/8HVkHMK1bEIsQNNYrP573t4wg="
}
Field 'type' (2) - {
  "fieldName" : "type",
  "totalCount" : 37,
  "sampleCount" : 37,
  "matchCount" : 37,
  "nullCount" : 0,
  "blankCount" : 0,
  "distinctCount" : 6,
  "regExp" : "(?i)(BOOK|CD|DVD|EAUDIO|EBOOK|OTHER)",
  "confidence" : 1.0,
  "type" : "String",
  "min" : "Book",
  "max" : "eBook",
  "minLength" : 2,
  "maxLength" : 6,
  "topK" : [ "eBook", "eAudio", "Other", "DVD", "CD", "Book" ],
  "bottomK" : [ "Book", "CD", "DVD", "Other", "eAudio", "eBook" ],
  "cardinality" : 6,
  "outlierCardinality" : 0,
  "shapesCardinality" : 5,
  "leadingWhiteSpace" : false,
  "trailingWhiteSpace" : false,
  "multiline" : false,
  "logicalType" : false,
  "keyConfidence" : 0.0,
  "uniqueness" : 0.0,
  "detectionLocale" : "en-US",
  "ftaVersion" : "10.0.0",
  "structureSignature" : "lsQsAzAsfrx4nzF6Ew6pclKkdGk=",
  "dataSignature" : "eAK1UrxmPCWql677wDPbxkdSsio="
}
Field 'format' (3) - {
  "fieldName" : "format",
  "totalCount" : 37,
  "sampleCount" : 37,
  "matchCount" : 37,
  "nullCount" : 0,
  "blankCount" : 0,
  "distinctCount" : 3,
  "regExp" : "(?i)(AUDIO/VISUAL|DIGITAL|PHYSICAL)",
  "confidence" : 1.0,
  "type" : "String",
  "min" : "Audio/Visual",
  "max" : "Physical",
  "minLength" : 7,
  "maxLength" : 12,
  "topK" : [ "Physical", "Digital", "Audio/Visual" ],
  "bottomK" : [ "Audio/Visual", "Digital", "Physical" ],
  "cardinality" : 3,
  "outlierCardinality" : 0,
  "shapesCardinality" : 3,
  "leadingWhiteSpace" : false,
  "trailingWhiteSpace" : false,
  "multiline" : false,
  "logicalType" : false,
  "keyConfidence" : 0.0,
  "uniqueness" : 0.0,
  "detectionLocale" : "en-US",
  "ftaVersion" : "10.0.0",
  "structureSignature" : "0qKnPabMxlz111g6NCUVlEPYxks=",
  "dataSignature" : "py9XaOXUfmy+urnc2+mz3Hr7hYo="
}
Field 'count' (4) - {
  "fieldName" : "count",
  "totalCount" : 37,
  "sampleCount" : 37,
  "matchCount" : 37,
  "nullCount" : 0,
  "blankCount" : 0,
  "distinctCount" : 33,
  "regExp" : "\\d{1,4}",
  "confidence" : 1.0,
  "type" : "Long",
  "min" : "0",
  "max" : "2951",
  "minLength" : 1,
  "maxLength" : 4,
  "mean" : 429.5675675675676,
  "standardDeviation" : 717.9356494742235,
  "topK" : [ "2951", "2492", "2192", "1385", "1370", "975", "623", "398", "386", "370" ],
  "bottomK" : [ "0", "2", "3", "6", "7", "14", "33", "36", "87", "88" ],
  "leadingZeroCount" : 0,
  "cardinality" : 33,
  "outlierCardinality" : 0,
  "shapesCardinality" : 4,
  "leadingWhiteSpace" : false,
  "trailingWhiteSpace" : false,
  "multiline" : false,
  "logicalType" : false,
  "keyConfidence" : 0.0,
  "uniqueness" : 0.9393939393939394,
  "detectionLocale" : "en-US",
  "ftaVersion" : "10.0.0",
  "structureSignature" : "pNEx2tk2PoDnFtA4yi0Nwb/Q+Tk=",
  "dataSignature" : "JrZKBI6viQHM+GQ1reC1tzfV1SU="
}
Summary: File: data/opendata_socrata_com/performance.cityofcamas.us/nyj5-at29.csv, Types detected 5 of 5 (100.00%), Matched 185, Samples 185, Used Memory: 60.00.
Execution time (#fields: 5, #records: 37): initialization: 450ms, consumption: 1621ms, results: 411ms, total: 2482ms
