Field 'fiscal_year' (0) - {
  "fieldName" : "fiscal_year",
  "totalCount" : 35,
  "sampleCount" : 35,
  "matchCount" : 35,
  "nullCount" : 0,
  "blankCount" : 0,
  "distinctCount" : 2,
  "regExp" : "\\d{4}-\\d{2}-\\d{2}T\\d{2}:\\d{2}:\\d{2}\\.\\d{3}",
  "confidence" : 1.0,
  "type" : "LocalDateTime",
  "typeQualifier" : "yyyy-MM-dd'T'HH:mm:ss.SSS",
  "min" : "2009-12-31T00:00:00.000",
  "max" : "2018-12-31T00:00:00.000",
  "minLength" : 23,
  "maxLength" : 23,
  "topK" : [ "2018-12-31T00:00:00.000", "2009-12-31T00:00:00.000" ],
  "bottomK" : [ "2009-12-31T00:00:00.000", "2018-12-31T00:00:00.000" ],
  "cardinality" : 2,
  "outlierCardinality" : 0,
  "shapesCardinality" : 1,
  "leadingWhiteSpace" : false,
  "trailingWhiteSpace" : false,
  "multiline" : false,
  "dateResolutionMode" : "MonthFirst",
  "logicalType" : false,
  "keyConfidence" : 0.0,
  "uniqueness" : 0.0,
  "detectionLocale" : "en-US",
  "ftaVersion" : "10.0.0",
  "structureSignature" : "VmAkYq5OOtrYF4p8tzGBJoD/uF8=",
  "dataSignature" : "c4DZZGtFyHhHQuN6eJ+vj7atoBE="
}
Field 'industry' (1) - {
  "fieldName" : "industry",
  "totalCount" : 35,
  "sampleCount" : 35,
  "matchCount" : 35,
  "nullCount" : 0,
  "blankCount" : 0,
  "distinctCount" : 26,
  "regExp" : ".{9,59}",
  "confidence" : 1.0,
  "type" : "String",
  "min" : "Accommodation and Food Services",
  "max" : "Wholesale Trade",
  "minLength" : 9,
  "maxLength" : 59,
  "topK" : [ "Wholesale Trade", "Utilities", "Unclassified by Industry", "Unclassified", "Transportation and Warehousing", "Retail Trade", "Real Estate and Rental and Leasing", "Public Administration", "Professional,Scientific, and Technical", "Professional, Scientific, and Technical" ],
  "bottomK" : [ "Accommodation and Food Services", "Administrative Support and Waste Management and Remediation", "Administrative/Support Services", "Ag., Mining, Trans., FIRE, Educ., Govt.", "Agriculture, Forestry, Fishing and Hunting", "Arts, Entertainment, and Recreation", "Construction", "Educational Services", "Finance and Insurance", "Health Care" ],
  "cardinality" : 26,
  "outlierCardinality" : 0,
  "shapesCardinality" : 25,
  "leadingWhiteSpace" : false,
  "trailingWhiteSpace" : false,
  "multiline" : false,
  "logicalType" : false,
  "keyConfidence" : 0.0,
  "uniqueness" : 0.6538461538461539,
  "detectionLocale" : "en-US",
  "ftaVersion" : "10.0.0",
  "structureSignature" : "dtwdU6wiDUA4UHS5FGARSx+BEy4=",
  "dataSignature" : "mhPZFxr1mn1jj5kYAHLnG9JrYKE="
}
Field 'tax_base' (2) - {
  "fieldName" : "tax_base",
  "totalCount" : 35,
  "sampleCount" : 35,
  "matchCount" : 35,
  "nullCount" : 0,
  "blankCount" : 0,
  "distinctCount" : 35,
  "regExp" : "\\d*\\.?\\d+",
  "confidence" : 1.0,
  "type" : "Double",
  "decimalSeparator" : ".",
  "min" : "2331.0",
  "max" : "16127788.0",
  "minLength" : 7,
  "maxLength" : 11,
  "mean" : 1402389.5840000003,
  "standardDeviation" : 3313154.30006125,
  "topK" : [ "16127788.0", "12834937.0", "3186886.0", "2067538.0", "1745043.0", "1448335.0", "1357653.0", "1278718.0", "926297.0", "766163.0" ],
  "bottomK" : [ "2331.0", "3880.44", "11882.0", "12908.0", "19543.0", "33796.0", "42063.0", "45503.0", "76192.0", "121872.0" ],
  "leadingZeroCount" : 0,
  "cardinality" : 35,
  "outlierCardinality" : 0,
  "shapesCardinality" : 5,
  "leadingWhiteSpace" : false,
  "trailingWhiteSpace" : false,
  "multiline" : false,
  "logicalType" : false,
  "keyConfidence" : 0.0,
  "uniqueness" : 1.0,
  "detectionLocale" : "en-US",
  "ftaVersion" : "10.0.0",
  "structureSignature" : "l4VNw7pZa0rWiJKuyaHiUQa3ByA=",
  "dataSignature" : "La0lm7D6aBOIyvTfSJ9AijR7Wvk="
}
Field 'rank' (3) - {
  "fieldName" : "rank",
  "totalCount" : 35,
  "sampleCount" : 35,
  "matchCount" : 35,
  "nullCount" : 0,
  "blankCount" : 0,
  "distinctCount" : 21,
  "regExp" : "\\d{1,2}",
  "confidence" : 1.0,
  "type" : "Long",
  "min" : "1",
  "max" : "21",
  "minLength" : 1,
  "maxLength" : 2,
  "mean" : 9.599999999999998,
  "standardDeviation" : 5.607138307550474,
  "topK" : [ "21", "20", "19", "18", "17", "16", "15", "14", "13", "12" ],
  "bottomK" : [ "1", "2", "3", "4", "5", "6", "7", "8", "9", "10" ],
  "leadingZeroCount" : 0,
  "cardinality" : 21,
  "outlierCardinality" : 0,
  "shapesCardinality" : 2,
  "leadingWhiteSpace" : false,
  "trailingWhiteSpace" : false,
  "multiline" : false,
  "logicalType" : false,
  "keyConfidence" : 0.0,
  "uniqueness" : 0.3333333333333333,
  "detectionLocale" : "en-US",
  "ftaVersion" : "10.0.0",
  "structureSignature" : "B/cFTuoiDSMz57BbEz4yMKqNg60=",
  "dataSignature" : "fzi3KLZ/JYSyYj/9yvAlelaKyGQ="
}
Field 'total_tax_base' (4) - {
  "fieldName" : "total_tax_base",
  "totalCount" : 35,
  "sampleCount" : 35,
  "matchCount" : 35,
  "nullCount" : 0,
  "blankCount" : 0,
  "distinctCount" : 35,
  "regExp" : "\\d*\\.?\\d+",
  "confidence" : 1.0,
  "type" : "Double",
  "decimalSeparator" : ".",
  "min" : "0.00008",
  "max" : "0.58131",
  "minLength" : 6,
  "maxLength" : 8,
  "mean" : 0.057144285714285724,
  "standardDeviation" : 0.13004998044237157,
  "topK" : [ "0.58131", "0.5669", "0.11487", "0.09132", "0.07708", "0.05997", "0.05648", "0.0522", "0.04704", "0.03339" ],
  "bottomK" : [ "0.00008", "0.00043", "0.00047", "0.0007", "0.00122", "0.00164", "0.00186", "0.00275", "0.00439", "0.00551" ],
  "leadingZeroCount" : 0,
  "cardinality" : 35,
  "outlierCardinality" : 0,
  "shapesCardinality" : 3,
  "leadingWhiteSpace" : false,
  "trailingWhiteSpace" : false,
  "multiline" : false,
  "logicalType" : false,
  "keyConfidence" : 0.0,
  "uniqueness" : 1.0,
  "detectionLocale" : "en-US",
  "ftaVersion" : "10.0.0",
  "structureSignature" : "/j/KxOuw2hlhIJT+2rd0QNkC6RQ=",
  "dataSignature" : "2cwbhBWiiNXLQMkyjD8/hTPHYsY="
}
Summary: File: data/opendata_socrata_com/opennassau.nassaucountyny.gov/pg4d-8e4z.csv, Types detected 5 of 5 (100.00%), Matched 175, Samples 175, Used Memory: 39.00.
Execution time (#fields: 5, #records: 35): initialization: 472ms, consumption: 1135ms, results: 107ms, total: 1714ms
