Field 'city' (0) - {
  "fieldName" : "city",
  "totalCount" : 241,
  "sampleCount" : 241,
  "matchCount" : 0,
  "nullCount" : 0,
  "blankCount" : 241,
  "distinctCount" : 0,
  "regExp" : "[ \t]*",
  "confidence" : 1.0,
  "type" : "String",
  "typeQualifier" : "BLANK",
  "min" : "",
  "max" : "",
  "minLength" : 0,
  "maxLength" : 0,
  "cardinality" : 0,
  "outlierCardinality" : 0,
  "shapesCardinality" : -1,
  "leadingWhiteSpace" : false,
  "trailingWhiteSpace" : false,
  "multiline" : false,
  "logicalType" : false,
  "keyConfidence" : 0.0,
  "uniqueness" : 0.0,
  "detectionLocale" : "en-US",
  "ftaVersion" : "10.0.0",
  "structureSignature" : "PA32YJzAuT7t51risYawt5S+ytI=",
  "dataSignature" : "oGRNH/P+m/L2XosYVRLKh0jXbWw="
}
Field 'population' (1) - {
  "fieldName" : "population",
  "totalCount" : 241,
  "sampleCount" : 241,
  "matchCount" : 241,
  "nullCount" : 0,
  "blankCount" : 0,
  "distinctCount" : 219,
  "regExp" : "\\d{1,6}",
  "confidence" : 1.0,
  "type" : "Long",
  "min" : "2",
  "max" : "627395",
  "minLength" : 1,
  "maxLength" : 6,
  "mean" : 11643.680497925307,
  "standardDeviation" : 45091.90034794724,
  "topK" : [ "627395", "165885", "162060", "108150", "99340", "95385", "83500", "78500", "60140", "58240" ],
  "bottomK" : [ "2", "20", "35", "40", "50", "55", "75", "130", "135", "140" ],
  "leadingZeroCount" : 0,
  "cardinality" : 219,
  "outlierCardinality" : 0,
  "shapesCardinality" : 6,
  "leadingWhiteSpace" : false,
  "trailingWhiteSpace" : false,
  "multiline" : false,
  "logicalType" : false,
  "keyConfidence" : 0.0,
  "uniqueness" : 0.9041095890410958,
  "detectionLocale" : "en-US",
  "ftaVersion" : "10.0.0",
  "structureSignature" : "YDP0YNt/542iW9+ZusDoNCq8V28=",
  "dataSignature" : "/M6CRSxZyoeJvHY/ASPzNiEqok8="
}
Field 'qcode' (2) - {
  "fieldName" : "qcode",
  "totalCount" : 241,
  "sampleCount" : 241,
  "matchCount" : 241,
  "nullCount" : 0,
  "blankCount" : 0,
  "distinctCount" : 5,
  "regExp" : "\\d",
  "confidence" : 1.0,
  "type" : "Long",
  "min" : "1",
  "max" : "5",
  "minLength" : 1,
  "maxLength" : 1,
  "mean" : 3.000000000000001,
  "standardDeviation" : 1.3994664069088583,
  "topK" : [ "5", "4", "3", "2", "1" ],
  "bottomK" : [ "1", "2", "3", "4", "5" ],
  "leadingZeroCount" : 0,
  "cardinality" : 5,
  "outlierCardinality" : 0,
  "shapesCardinality" : 1,
  "leadingWhiteSpace" : false,
  "trailingWhiteSpace" : false,
  "multiline" : false,
  "logicalType" : false,
  "keyConfidence" : 0.0,
  "uniqueness" : 0.0,
  "detectionLocale" : "en-US",
  "ftaVersion" : "10.0.0",
  "structureSignature" : "SJZaIeg0IFca+vuShnpgM0COqog=",
  "dataSignature" : "V9DPbdJVwRIFJ5V8+NMkk/9XKyU="
}
Field 'region' (3) - {
  "fieldName" : "region",
  "totalCount" : 241,
  "sampleCount" : 241,
  "matchCount" : 241,
  "nullCount" : 0,
  "blankCount" : 0,
  "distinctCount" : 8,
  "regExp" : "\\d",
  "confidence" : 1.0,
  "type" : "Long",
  "min" : "1",
  "max" : "8",
  "minLength" : 1,
  "maxLength" : 1,
  "mean" : 4.219917012448135,
  "standardDeviation" : 2.240095209835882,
  "topK" : [ "8", "7", "6", "5", "4", "3", "2", "1" ],
  "bottomK" : [ "1", "2", "3", "4", "5", "6", "7", "8" ],
  "leadingZeroCount" : 0,
  "cardinality" : 8,
  "outlierCardinality" : 0,
  "shapesCardinality" : 1,
  "leadingWhiteSpace" : false,
  "trailingWhiteSpace" : false,
  "multiline" : false,
  "logicalType" : false,
  "keyConfidence" : 0.0,
  "uniqueness" : 0.0,
  "detectionLocale" : "en-US",
  "ftaVersion" : "10.0.0",
  "structureSignature" : "SJZaIeg0IFca+vuShnpgM0COqog=",
  "dataSignature" : "z7HTTRgR+5uWth4ODv1eKe/bpKY="
}
Field 'government_fund_revenues' (4) - {
  "fieldName" : "government_fund_revenues",
  "totalCount" : 241,
  "sampleCount" : 241,
  "matchCount" : 230,
  "nullCount" : 0,
  "blankCount" : 11,
  "distinctCount" : 230,
  "regExp" : "\\d*\\.?\\d+",
  "confidence" : 1.0,
  "type" : "Double",
  "decimalSeparator" : ".",
  "min" : "0.0",
  "max" : "1240104273.0",
  "minLength" : 4,
  "maxLength" : 13,
  "mean" : 1.4794849513043482E7,
  "standardDeviation" : 8.468002540798976E7,
  "topK" : [ "1240104273.0", "213662605.0", "173075721.0", "128811493.0", "100695889.0", "96338839.0", "91410385.0", "82658756.0", "71979075.0", "63180781.0" ],
  "bottomK" : [ "0.0", "16007.0", "18975.0", "24738.0", "26693.0", "33921.0", "35550.0", "37526.0", "37666.0", "41342.0" ],
  "leadingZeroCount" : 0,
  "cardinality" : 230,
  "outlierCardinality" : 0,
  "shapesCardinality" : 7,
  "leadingWhiteSpace" : false,
  "trailingWhiteSpace" : false,
  "multiline" : false,
  "logicalType" : false,
  "keyConfidence" : 0.0,
  "uniqueness" : 1.0,
  "detectionLocale" : "en-US",
  "ftaVersion" : "10.0.0",
  "structureSignature" : "x5oWAZN81TMyWl1kdkIk5dqEuMM=",
  "dataSignature" : "1zc9HLIBUcBg8u48ltkhzqJmZBc="
}
Field 'government_fund_expenditures' (5) - {
  "fieldName" : "government_fund_expenditures",
  "totalCount" : 241,
  "sampleCount" : 241,
  "matchCount" : 230,
  "nullCount" : 0,
  "blankCount" : 11,
  "distinctCount" : 230,
  "regExp" : "\\d*\\.?\\d+",
  "confidence" : 1.0,
  "type" : "Double",
  "decimalSeparator" : ".",
  "min" : "0.0",
  "max" : "1236711862.0",
  "minLength" : 4,
  "maxLength" : 13,
  "mean" : 1.4836985034782616E7,
  "standardDeviation" : 8.446484751156808E7,
  "topK" : [ "1236711862.0", "212280261.0", "178727323.0", "126065148.0", "99075880.0", "90923787.0", "86827595.0", "83368203.0", "80342215.0", "60684816.0" ],
  "bottomK" : [ "0.0", "8837.0", "12559.0", "16342.0", "17193.0", "21050.0", "22735.0", "32389.0", "39440.0", "40678.0" ],
  "leadingZeroCount" : 0,
  "cardinality" : 230,
  "outlierCardinality" : 0,
  "shapesCardinality" : 8,
  "leadingWhiteSpace" : false,
  "trailingWhiteSpace" : false,
  "multiline" : false,
  "logicalType" : false,
  "keyConfidence" : 0.0,
  "uniqueness" : 1.0,
  "detectionLocale" : "en-US",
  "ftaVersion" : "10.0.0",
  "structureSignature" : "ZO6HRz2mqV/vDjj3K9lpEBeR8PM=",
  "dataSignature" : "KfTSD9fKNjgGGRW9Yzbwm5ekPvM="
}
Field 'general_fund_revenues' (6) - {
  "fieldName" : "general_fund_revenues",
  "totalCount" : 241,
  "sampleCount" : 241,
  "matchCount" : 230,
  "nullCount" : 0,
  "blankCount" : 11,
  "distinctCount" : 230,
  "regExp" : "\\d*\\.?\\d+",
  "confidence" : 1.0,
  "type" : "Double",
  "decimalSeparator" : ".",
  "min" : "440.0",
  "max" : "686922352.0",
  "minLength" : 6,
  "maxLength" : 12,
  "mean" : 8803454.356521742,
  "standardDeviation" : 4.7551176843852386E7,
  "topK" : [ "686922352.0", "152533655.0", "99738777.0", "88477611.0", "56021022.0", "53849987.0", "53655945.0", "52861705.0", "45785138.0", "43510935.0" ],
  "bottomK" : [ "440.0", "2320.0", "6132.0", "8003.0", "13541.0", "13810.0", "16790.0", "18799.0", "21262.0", "22744.0" ],
  "leadingZeroCount" : 0,
  "cardinality" : 230,
  "outlierCardinality" : 0,
  "shapesCardinality" : 7,
  "leadingWhiteSpace" : false,
  "trailingWhiteSpace" : false,
  "multiline" : false,
  "logicalType" : false,
  "keyConfidence" : 0.0,
  "uniqueness" : 1.0,
  "detectionLocale" : "en-US",
  "ftaVersion" : "10.0.0",
  "structureSignature" : "7PJRYraHw5SpYLzLzwp2Ysttm7A=",
  "dataSignature" : "Ppeq//ORqKj0I5YIgaf02ovUXzY="
}
Field 'general_fund_expenditures' (7) - {
  "fieldName" : "general_fund_expenditures",
  "totalCount" : 241,
  "sampleCount" : 241,
  "matchCount" : 230,
  "nullCount" : 0,
  "blankCount" : 11,
  "distinctCount" : 230,
  "regExp" : "\\d*\\.?\\d+",
  "confidence" : 1.0,
  "type" : "Double",
  "decimalSeparator" : ".",
  "min" : "3056.0",
  "max" : "628675232.0",
  "minLength" : 7,
  "maxLength" : 12,
  "mean" : 8275586.2,
  "standardDeviation" : 4.358337831682217E7,
  "topK" : [ "628675232.0", "132179020.0", "97244335.0", "85203232.0", "65174041.0", "53548769.0", "53493582.0", "46959411.0", "40033101.0", "34995258.0" ],
  "bottomK" : [ "3056.0", "3549.0", "4118.0", "7691.0", "10934.0", "11344.0", "11656.0", "16143.0", "17023.0", "17860.0" ],
  "leadingZeroCount" : 0,
  "cardinality" : 230,
  "outlierCardinality" : 0,
  "shapesCardinality" : 6,
  "leadingWhiteSpace" : false,
  "trailingWhiteSpace" : false,
  "multiline" : false,
  "logicalType" : false,
  "keyConfidence" : 0.0,
  "uniqueness" : 1.0,
  "detectionLocale" : "en-US",
  "ftaVersion" : "10.0.0",
  "structureSignature" : "ByjEPeTA4SImDdJIHz06SrEc4As=",
  "dataSignature" : "O4ZjOzktDb76e6uYYPqejDbKgTw="
}
Field 'property_tax_general' (8) - {
  "fieldName" : "property_tax_general",
  "totalCount" : 241,
  "sampleCount" : 241,
  "matchCount" : 230,
  "nullCount" : 0,
  "blankCount" : 11,
  "distinctCount" : 218,
  "regExp" : "\\d*\\.?\\d+",
  "confidence" : 1.0,
  "type" : "Double",
  "decimalSeparator" : ".",
  "min" : "0.0",
  "max" : "347073609.0",
  "minLength" : 4,
  "maxLength" : 12,
  "mean" : 5019910.46521739,
  "standardDeviation" : 2.5003405434397314E7,
  "topK" : [ "347073609.0", "107289570.0", "66903965.0", "61290361.0", "34054860.0", "33529456.0", "32229119.0", "31851887.0", "31427651.0", "27368148.0" ],
  "bottomK" : [ "0.0", "2566.0", "3406.0", "3895.0", "5839.0", "6771.0", "7320.0", "7583.0", "9025.0", "9568.0" ],
  "leadingZeroCount" : 0,
  "cardinality" : 218,
  "outlierCardinality" : 0,
  "shapesCardinality" : 7,
  "leadingWhiteSpace" : false,
  "trailingWhiteSpace" : false,
  "multiline" : false,
  "logicalType" : false,
  "keyConfidence" : 0.0,
  "uniqueness" : 0.9954128440366973,
  "detectionLocale" : "en-US",
  "ftaVersion" : "10.0.0",
  "structureSignature" : "gbssxOUDPvujFGgjVzDpqR6qdAM=",
  "dataSignature" : "TgyFTqHiuIQvKB6DuFFstT9sdfA="
}
Field 'property_tax_debt_service' (9) - {
  "fieldName" : "property_tax_debt_service",
  "totalCount" : 241,
  "sampleCount" : 241,
  "matchCount" : 229,
  "nullCount" : 0,
  "blankCount" : 12,
  "distinctCount" : 107,
  "regExp" : "\\d*\\.?\\d+",
  "confidence" : 1.0,
  "type" : "Double",
  "decimalSeparator" : ".",
  "min" : "0.0",
  "max" : "153768375.0",
  "minLength" : 4,
  "maxLength" : 12,
  "mean" : 1409900.9956331872,
  "standardDeviation" : 1.039602351533621E7,
  "topK" : [ "153768375.0", "22950884.0", "21128621.0", "12308413.0", "8951858.0", "8064871.0", "7200642.0", "6565347.0", "6487711.0", "5097292.0" ],
  "bottomK" : [ "0.0", "102.0", "1133.0", "7001.0", "12972.0", "14782.0", "15499.0", "19349.0", "20850.0", "21962.0" ],
  "leadingZeroCount" : 0,
  "cardinality" : 107,
  "outlierCardinality" : 0,
  "shapesCardinality" : 8,
  "leadingWhiteSpace" : false,
  "trailingWhiteSpace" : false,
  "multiline" : false,
  "logicalType" : false,
  "keyConfidence" : 0.0,
  "uniqueness" : 0.9906542056074766,
  "detectionLocale" : "en-US",
  "ftaVersion" : "10.0.0",
  "structureSignature" : "lIXWQhh3bX4PJkhuMHo6T+P7Kec=",
  "dataSignature" : "QClR0ZXrzbiaTDYK32fSOJSAr98="
}
Field 'total_property_tax_revenue' (10) - {
  "fieldName" : "total_property_tax_revenue",
  "totalCount" : 241,
  "sampleCount" : 241,
  "matchCount" : 230,
  "nullCount" : 0,
  "blankCount" : 11,
  "distinctCount" : 220,
  "regExp" : "\\d*\\.?\\d+",
  "confidence" : 1.0,
  "type" : "Double",
  "decimalSeparator" : ".",
  "min" : "0.0",
  "max" : "500841984.0",
  "minLength" : 4,
  "maxLength" : 12,
  "mean" : 6556836.956521737,
  "standardDeviation" : 3.5118605093011536E7,
  "topK" : [ "500841984.0", "128418191.0", "84241245.0", "67811631.0", "40094803.0", "39916758.0", "39429761.0", "37915362.0", "37876770.0", "31862305.0" ],
  "bottomK" : [ "0.0", "2566.0", "3406.0", "5839.0", "6771.0", "7320.0", "7583.0", "9025.0", "9568.0", "11411.0" ],
  "leadingZeroCount" : 0,
  "cardinality" : 220,
  "outlierCardinality" : 0,
  "shapesCardinality" : 7,
  "leadingWhiteSpace" : false,
  "trailingWhiteSpace" : false,
  "multiline" : false,
  "logicalType" : false,
  "keyConfidence" : 0.0,
  "uniqueness" : 0.9954545454545455,
  "detectionLocale" : "en-US",
  "ftaVersion" : "10.0.0",
  "structureSignature" : "gbssxOUDPvujFGgjVzDpqR6qdAM=",
  "dataSignature" : "Y9XEaO17Yx8AXv/WJnwnR5vTaNU="
}
Field 'transient_lodging_tax' (11) - {
  "fieldName" : "transient_lodging_tax",
  "totalCount" : 241,
  "sampleCount" : 241,
  "matchCount" : 219,
  "nullCount" : 0,
  "blankCount" : 22,
  "distinctCount" : 84,
  "regExp" : "\\d*\\.?\\d+",
  "confidence" : 1.0,
  "type" : "Double",
  "decimalSeparator" : ".",
  "min" : "0.0",
  "max" : "50543129.0",
  "minLength" : 4,
  "maxLength" : 11,
  "mean" : 515096.8493150686,
  "standardDeviation" : 3509099.528754255,
  "topK" : [ "50543129.0", "7930560.0", "6336950.0", "4503160.0", "3911575.0", "3612596.0", "3535882.0", "2463206.0", "2055000.0", "1911999.0" ],
  "bottomK" : [ "0.0", "1079.0", "1089.0", "1164.0", "2062.0", "4349.0", "4593.0", "8161.0", "10454.0", "11926.0" ],
  "leadingZeroCount" : 0,
  "cardinality" : 84,
  "outlierCardinality" : 0,
  "shapesCardinality" : 6,
  "leadingWhiteSpace" : false,
  "trailingWhiteSpace" : false,
  "multiline" : false,
  "logicalType" : false,
  "keyConfidence" : 0.0,
  "uniqueness" : 0.9880952380952381,
  "detectionLocale" : "en-US",
  "ftaVersion" : "10.0.0",
  "structureSignature" : "wNKU63j+uoAUTtsRU87qPwCn7oE=",
  "dataSignature" : "K8ZivLq7hVQuabj2H+SQfQVADfU="
}
Field 'franchise_fees' (12) - {
  "fieldName" : "franchise_fees",
  "totalCount" : 241,
  "sampleCount" : 241,
  "matchCount" : 218,
  "nullCount" : 0,
  "blankCount" : 23,
  "distinctCount" : 205,
  "regExp" : "\\d*\\.?\\d+",
  "confidence" : 1.0,
  "type" : "Double",
  "decimalSeparator" : ".",
  "min" : "0.0",
  "max" : "27751459.0",
  "minLength" : 4,
  "maxLength" : 11,
  "mean" : 964332.9403669727,
  "standardDeviation" : 2600243.022217691,
  "topK" : [ "27751459.0", "11060815.0", "10684603.0", "10246214.0", "9324117.0", "8279861.0", "8269638.0", "7580364.0", "5732448.0", "5604632.0" ],
  "bottomK" : [ "0.0", "190.0", "436.0", "1325.0", "2622.0", "2725.0", "3770.0", "5180.0", "5283.0", "6125.0" ],
  "leadingZeroCount" : 0,
  "cardinality" : 205,
  "outlierCardinality" : 0,
  "shapesCardinality" : 7,
  "leadingWhiteSpace" : false,
  "trailingWhiteSpace" : false,
  "multiline" : false,
  "logicalType" : false,
  "keyConfidence" : 0.0,
  "uniqueness" : 0.9951219512195122,
  "detectionLocale" : "en-US",
  "ftaVersion" : "10.0.0",
  "structureSignature" : "KZIZ1eRjZnL17IPBjfCDR8XMBmg=",
  "dataSignature" : "ov23vv8IMRdlhTo1PhXNaPiDayA="
}
Field 'interest_and_investment_earnings' (13) - {
  "fieldName" : "interest_and_investment_earnings",
  "totalCount" : 241,
  "sampleCount" : 241,
  "matchCount" : 222,
  "nullCount" : 0,
  "blankCount" : 19,
  "distinctCount" : 206,
  "regExp" : "\\d*\\.?\\d+",
  "confidence" : 1.0,
  "type" : "Double",
  "decimalSeparator" : ".",
  "min" : "0.0",
  "max" : "17794209.0",
  "minLength" : 4,
  "maxLength" : 11,
  "mean" : 191008.59009009,
  "standardDeviation" : 1258358.0986210117,
  "topK" : [ "17794209.0", "3811052.0", "3272350.0", "2641870.0", "2315269.0", "1166054.0", "968247.0", "737260.0", "729244.0", "653879.0" ],
  "bottomK" : [ "0.0", "2.0", "6.0", "8.0", "11.0", "14.0", "32.0", "36.0", "42.0", "51.0" ],
  "leadingZeroCount" : 0,
  "cardinality" : 206,
  "outlierCardinality" : 0,
  "shapesCardinality" : 8,
  "leadingWhiteSpace" : false,
  "trailingWhiteSpace" : false,
  "multiline" : false,
  "logicalType" : false,
  "keyConfidence" : 0.0,
  "uniqueness" : 0.9902912621359223,
  "detectionLocale" : "en-US",
  "ftaVersion" : "10.0.0",
  "structureSignature" : "kymi4Iv7NHzl8EqvV6Y43LYNrnI=",
  "dataSignature" : "4zlE+CL8nQ0mRNa5B3pKpIcs5RM="
}
Field 'state_shared_revenue_total' (14) - {
  "fieldName" : "state_shared_revenue_total",
  "totalCount" : 241,
  "sampleCount" : 241,
  "matchCount" : 161,
  "nullCount" : 0,
  "blankCount" : 80,
  "distinctCount" : 161,
  "regExp" : "\\d*\\.?\\d+",
  "confidence" : 1.0,
  "type" : "Double",
  "decimalSeparator" : ".",
  "min" : "0.0",
  "max" : "12541979.0",
  "minLength" : 4,
  "maxLength" : 11,
  "mean" : 500270.7826086957,
  "standardDeviation" : 1441362.3241493143,
  "topK" : [ "12541979.0", "9123174.0", "7116219.0", "6059580.0", "3208509.0", "2236956.0", "2038637.0", "1744417.0", "1690476.0", "1612760.0" ],
  "bottomK" : [ "0.0", "1000.0", "1290.0", "1375.0", "4597.0", "5416.0", "10825.0", "13634.0", "13765.0", "15441.0" ],
  "leadingZeroCount" : 0,
  "cardinality" : 161,
  "outlierCardinality" : 0,
  "shapesCardinality" : 6,
  "leadingWhiteSpace" : false,
  "trailingWhiteSpace" : false,
  "multiline" : false,
  "logicalType" : false,
  "keyConfidence" : 0.0,
  "uniqueness" : 1.0,
  "detectionLocale" : "en-US",
  "ftaVersion" : "10.0.0",
  "structureSignature" : "wNKU63j+uoAUTtsRU87qPwCn7oE=",
  "dataSignature" : "3iCacWubQTk4i4TLZIGKOXMjywk="
}
Field 'ssr_liquor' (15) - {
  "fieldName" : "ssr_liquor",
  "totalCount" : 241,
  "sampleCount" : 241,
  "matchCount" : 59,
  "nullCount" : 0,
  "blankCount" : 182,
  "distinctCount" : 57,
  "regExp" : "\\d*\\.?\\d+",
  "confidence" : 1.0,
  "type" : "Double",
  "decimalSeparator" : ".",
  "min" : "0.0",
  "max" : "740186.0",
  "minLength" : 4,
  "maxLength" : 9,
  "mean" : 55653.76271186441,
  "standardDeviation" : 123889.95773838277,
  "topK" : [ "740186.0", "534961.0", "309573.0", "226087.0", "170980.0", "154675.0", "145660.0", "59610.0", "55588.0", "52769.0" ],
  "bottomK" : [ "0.0", "1869.0", "1872.0", "2587.0", "2803.0", "3037.0", "3173.0", "3688.0", "4025.0", "4579.0" ],
  "leadingZeroCount" : 0,
  "cardinality" : 57,
  "outlierCardinality" : 0,
  "shapesCardinality" : 4,
  "leadingWhiteSpace" : false,
  "trailingWhiteSpace" : false,
  "multiline" : false,
  "logicalType" : false,
  "keyConfidence" : 0.0,
  "uniqueness" : 0.9824561403508771,
  "detectionLocale" : "en-US",
  "ftaVersion" : "10.0.0",
  "structureSignature" : "u4zMAZ3T/HeFlIQj3IzgeHKvtHA=",
  "dataSignature" : "lDzT7CQuR8tSpmbZGWVhk+bQZOg="
}
Field 'ssr_tobacco' (16) - {
  "fieldName" : "ssr_tobacco",
  "totalCount" : 241,
  "sampleCount" : 241,
  "matchCount" : 44,
  "nullCount" : 0,
  "blankCount" : 197,
  "distinctCount" : 42,
  "regExp" : "\\d*\\.?\\d+",
  "confidence" : 1.0,
  "type" : "Double",
  "decimalSeparator" : ".",
  "min" : "0.0",
  "max" : "68107.0",
  "minLength" : 4,
  "maxLength" : 8,
  "mean" : 4433.045454545455,
  "standardDeviation" : 11064.642858621464,
  "topK" : [ "68107.0", "28420.0", "20770.0", "13364.0", "5207.0", "5107.0", "4602.0", "4582.0", "4025.0", "3965.0" ],
  "bottomK" : [ "0.0", "159.0", "221.0", "233.0", "239.0", "246.0", "343.0", "381.0", "384.0", "453.0" ],
  "leadingZeroCount" : 0,
  "cardinality" : 42,
  "outlierCardinality" : 0,
  "shapesCardinality" : 4,
  "leadingWhiteSpace" : false,
  "trailingWhiteSpace" : false,
  "multiline" : false,
  "logicalType" : false,
  "keyConfidence" : 0.0,
  "uniqueness" : 0.9761904761904762,
  "detectionLocale" : "en-US",
  "ftaVersion" : "10.0.0",
  "structureSignature" : "lKL8hJyfP2QjgIPd3mwQUpaJcg0=",
  "dataSignature" : "9V9P6SPyqYqqd7y763E/nHcPKqQ="
}
Field 'ssr_general' (17) - {
  "fieldName" : "ssr_general",
  "totalCount" : 241,
  "sampleCount" : 241,
  "matchCount" : 112,
  "nullCount" : 0,
  "blankCount" : 129,
  "distinctCount" : 112,
  "regExp" : "\\d*\\.?\\d+",
  "confidence" : 1.0,
  "type" : "Double",
  "decimalSeparator" : ".",
  "min" : "0.0",
  "max" : "3904102.0",
  "minLength" : 4,
  "maxLength" : 10,
  "mean" : 89108.80357142858,
  "standardDeviation" : 379402.8463464197,
  "topK" : [ "3904102.0", "756566.0", "624347.0", "509112.0", "407081.0", "282351.0", "205890.0", "187207.0", "168800.0", "145042.0" ],
  "bottomK" : [ "0.0", "11.0", "1000.0", "1090.0", "1120.0", "1350.0", "1483.0", "1592.0", "1649.0", "1909.0" ],
  "leadingZeroCount" : 0,
  "cardinality" : 112,
  "outlierCardinality" : 0,
  "shapesCardinality" : 6,
  "leadingWhiteSpace" : false,
  "trailingWhiteSpace" : false,
  "multiline" : false,
  "logicalType" : false,
  "keyConfidence" : 0.0,
  "uniqueness" : 1.0,
  "detectionLocale" : "en-US",
  "ftaVersion" : "10.0.0",
  "structureSignature" : "uMeSEDjdq4Lh8jObirhdlBblFDw=",
  "dataSignature" : "7sIswhL3sLkuUxJObAEbeQUCSIg="
}
Field 'permits_licenses_fees' (18) - {
  "fieldName" : "permits_licenses_fees",
  "totalCount" : 241,
  "sampleCount" : 241,
  "matchCount" : 215,
  "nullCount" : 0,
  "blankCount" : 26,
  "distinctCount" : 203,
  "regExp" : "\\d*\\.?\\d+",
  "confidence" : 1.0,
  "type" : "Double",
  "decimalSeparator" : ".",
  "min" : "0.0",
  "max" : "257217150.0",
  "minLength" : 4,
  "maxLength" : 12,
  "mean" : 2130953.4558139537,
  "standardDeviation" : 1.7810270925618134E7,
  "topK" : [ "257217150.0", "33693610.0", "33340125.0", "15230779.0", "11048271.0", "9134630.0", "8247467.0", "7415379.0", "5992365.0", "5751472.0" ],
  "bottomK" : [ "0.0", "30.0", "60.0", "75.0", "90.0", "235.0", "243.0", "300.0", "412.0", "505.0" ],
  "leadingZeroCount" : 0,
  "cardinality" : 203,
  "outlierCardinality" : 0,
  "shapesCardinality" : 9,
  "leadingWhiteSpace" : false,
  "trailingWhiteSpace" : false,
  "multiline" : false,
  "logicalType" : false,
  "keyConfidence" : 0.0,
  "uniqueness" : 0.9950738916256158,
  "detectionLocale" : "en-US",
  "ftaVersion" : "10.0.0",
  "structureSignature" : "TC+BC6vYyEchXoTyNtX7DjNvJoY=",
  "dataSignature" : "qqXNDAmTGbRIBymAF++mfQ2phO8="
}
Field 'misc_revenue' (19) - {
  "fieldName" : "misc_revenue",
  "totalCount" : 241,
  "sampleCount" : 241,
  "matchCount" : 227,
  "nullCount" : 0,
  "blankCount" : 14,
  "distinctCount" : 223,
  "regExp" : "\\d*\\.?\\d+",
  "confidence" : 1.0,
  "type" : "Double",
  "decimalSeparator" : ".",
  "min" : "0.0",
  "max" : "9787893.0",
  "minLength" : 4,
  "maxLength" : 10,
  "mean" : 258344.67841409682,
  "standardDeviation" : 952387.2650655821,
  "topK" : [ "9787893.0", "9124150.0", "3187847.0", "2189992.0", "2043914.0", "1807089.0", "1502932.0", "1438394.0", "1380450.0", "1297748.0" ],
  "bottomK" : [ "0.0", "70.0", "500.0", "1087.0", "1192.0", "1418.0", "1487.0", "1550.0", "1557.0", "1575.0" ],
  "leadingZeroCount" : 0,
  "cardinality" : 223,
  "outlierCardinality" : 0,
  "shapesCardinality" : 7,
  "leadingWhiteSpace" : false,
  "trailingWhiteSpace" : false,
  "multiline" : false,
  "logicalType" : false,
  "keyConfidence" : 0.0,
  "uniqueness" : 0.9955156950672646,
  "detectionLocale" : "en-US",
  "ftaVersion" : "10.0.0",
  "structureSignature" : "tdzj1uX7FCMM/utqnl7g2c/MVYc=",
  "dataSignature" : "G6Wq3F7OzAY7fYX2+w9cT1v9uIc="
}
Field 'gains_sales_of_capital_assets' (20) - {
  "fieldName" : "gains_sales_of_capital_assets",
  "totalCount" : 241,
  "sampleCount" : 241,
  "matchCount" : 229,
  "nullCount" : 0,
  "blankCount" : 12,
  "distinctCount" : 49,
  "regExp" : "\\d*\\.?\\d+",
  "confidence" : 1.0,
  "type" : "Double",
  "decimalSeparator" : ".",
  "min" : "0.0",
  "max" : "19481597.0",
  "minLength" : 4,
  "maxLength" : 11,
  "mean" : 144437.2576419213,
  "standardDeviation" : 1334964.8464492415,
  "topK" : [ "19481597.0", "4941165.0", "1650000.0", "1314466.0", "1268081.0", "1200000.0", "775440.0", "673451.0", "430205.0", "325000.0" ],
  "bottomK" : [ "0.0", "25.0", "140.0", "970.0", "1250.0", "1641.0", "1731.0", "2302.0", "2350.0", "3679.0" ],
  "leadingZeroCount" : 0,
  "cardinality" : 49,
  "outlierCardinality" : 0,
  "shapesCardinality" : 8,
  "leadingWhiteSpace" : false,
  "trailingWhiteSpace" : false,
  "multiline" : false,
  "logicalType" : false,
  "keyConfidence" : 0.0,
  "uniqueness" : 0.9795918367346939,
  "detectionLocale" : "en-US",
  "ftaVersion" : "10.0.0",
  "structureSignature" : "kymi4Iv7NHzl8EqvV6Y43LYNrnI=",
  "dataSignature" : "dMCdDoPQ6xQBmdXrBNh5d5C7USc="
}
Field 'police_expenses' (21) - {
  "fieldName" : "police_expenses",
  "totalCount" : 241,
  "sampleCount" : 241,
  "matchCount" : 165,
  "nullCount" : 0,
  "blankCount" : 76,
  "distinctCount" : 115,
  "regExp" : "\\d*\\.?\\d+",
  "confidence" : 1.0,
  "type" : "Double",
  "decimalSeparator" : ".",
  "min" : "0.0",
  "max" : "122230057.0",
  "minLength" : 4,
  "maxLength" : 12,
  "mean" : 3607666.672727272,
  "standardDeviation" : 1.1521369311441762E7,
  "topK" : [ "122230057.0", "52467719.0", "36354827.0", "29579335.0", "28622833.0", "25854117.0", "20793689.0", "20711469.0", "20231011.0", "13609229.0" ],
  "bottomK" : [ "0.0", "11700.0", "20000.0", "21000.0", "35311.0", "38726.0", "39060.0", "49791.0", "57750.0", "59664.0" ],
  "leadingZeroCount" : 0,
  "cardinality" : 115,
  "outlierCardinality" : 0,
  "shapesCardinality" : 6,
  "leadingWhiteSpace" : false,
  "trailingWhiteSpace" : false,
  "multiline" : false,
  "logicalType" : false,
  "keyConfidence" : 0.0,
  "uniqueness" : 0.991304347826087,
  "detectionLocale" : "en-US",
  "ftaVersion" : "10.0.0",
  "structureSignature" : "Lsp2nt/uYx7y2QIIcr5D3+X/x/E=",
  "dataSignature" : "z/kib6NU5c4cpzoCb4MgtGSGZKI="
}
Field 'fire_expenses' (22) - {
  "fieldName" : "fire_expenses",
  "totalCount" : 241,
  "sampleCount" : 241,
  "matchCount" : 150,
  "nullCount" : 0,
  "blankCount" : 91,
  "distinctCount" : 62,
  "regExp" : "\\d*\\.?\\d+",
  "confidence" : 1.0,
  "type" : "Double",
  "decimalSeparator" : ".",
  "min" : "0.0",
  "max" : "28482187.0",
  "minLength" : 4,
  "maxLength" : 11,
  "mean" : 1504316.9266666665,
  "standardDeviation" : 4676674.836258856,
  "topK" : [ "28482187.0", "25643070.0", "23344126.0", "19431223.0", "18112494.0", "12924139.0", "12315692.0", "11848268.0", "11503076.0", "10731502.0" ],
  "bottomK" : [ "0.0", "732.0", "1223.0", "4226.0", "14744.0", "17062.0", "18000.0", "19000.0", "19522.0", "22273.0" ],
  "leadingZeroCount" : 0,
  "cardinality" : 62,
  "outlierCardinality" : 0,
  "shapesCardinality" : 7,
  "leadingWhiteSpace" : false,
  "trailingWhiteSpace" : false,
  "multiline" : false,
  "logicalType" : false,
  "keyConfidence" : 0.0,
  "uniqueness" : 0.9838709677419355,
  "detectionLocale" : "en-US",
  "ftaVersion" : "10.0.0",
  "structureSignature" : "KZIZ1eRjZnL17IPBjfCDR8XMBmg=",
  "dataSignature" : "5VAMOycavgEFO7Pd+zaK3X6S+Vw="
}
Field 'ems_expenses' (23) - {
  "fieldName" : "ems_expenses",
  "totalCount" : 241,
  "sampleCount" : 241,
  "matchCount" : 127,
  "nullCount" : 0,
  "blankCount" : 114,
  "distinctCount" : 16,
  "regExp" : "\\d*\\.?\\d+",
  "confidence" : 1.0,
  "type" : "Double",
  "decimalSeparator" : ".",
  "min" : "0.0",
  "max" : "7161659.0",
  "minLength" : 4,
  "maxLength" : 10,
  "mean" : 155156.73228346463,
  "standardDeviation" : 816126.1066103013,
  "topK" : [ "7161659.0", "5125215.0", "2349371.0", "1423497.0", "1077880.0", "753178.0", "593127.0", "499742.0", "413400.0", "189780.0" ],
  "bottomK" : [ "0.0", "3051.0", "10376.0", "12042.0", "14548.0", "78039.0", "189780.0", "413400.0", "499742.0", "593127.0" ],
  "leadingZeroCount" : 0,
  "cardinality" : 16,
  "outlierCardinality" : 0,
  "shapesCardinality" : 5,
  "leadingWhiteSpace" : false,
  "trailingWhiteSpace" : false,
  "multiline" : false,
  "logicalType" : false,
  "keyConfidence" : 0.0,
  "uniqueness" : 0.9375,
  "detectionLocale" : "en-US",
  "ftaVersion" : "10.0.0",
  "structureSignature" : "lz8w9my0w0TOAz/ZRm4ZLNn92YU=",
  "dataSignature" : "jNrTtE/LYH9KuHRc8uWj8wHqrbY="
}
Field 'public_safety_expenses_total' (24) - {
  "fieldName" : "public_safety_expenses_total",
  "totalCount" : 241,
  "sampleCount" : 241,
  "matchCount" : 227,
  "nullCount" : 0,
  "blankCount" : 14,
  "distinctCount" : 191,
  "regExp" : "\\d*\\.?\\d+",
  "confidence" : 1.0,
  "type" : "Double",
  "decimalSeparator" : ".",
  "min" : "0.0",
  "max" : "453566546.0",
  "minLength" : 4,
  "maxLength" : 12,
  "mean" : 5471520.5374449305,
  "standardDeviation" : 3.1343037789703593E7,
  "topK" : [ "453566546.0", "80949906.0", "61933220.0", "49572967.0", "49528990.0", "39356952.0", "37505671.0", "32079279.0", "28521938.0", "27404433.0" ],
  "bottomK" : [ "0.0", "50.0", "732.0", "1223.0", "2542.0", "2819.0", "3065.0", "4063.0", "5179.0", "6710.0" ],
  "leadingZeroCount" : 0,
  "cardinality" : 191,
  "outlierCardinality" : 0,
  "shapesCardinality" : 9,
  "leadingWhiteSpace" : false,
  "trailingWhiteSpace" : false,
  "multiline" : false,
  "logicalType" : false,
  "keyConfidence" : 0.0,
  "uniqueness" : 0.9947643979057592,
  "detectionLocale" : "en-US",
  "ftaVersion" : "10.0.0",
  "structureSignature" : "TC+BC6vYyEchXoTyNtX7DjNvJoY=",
  "dataSignature" : "4PN8M4/xSZP/zMsekQKQS+NHItM="
}
Field 'gen_gov_expenses' (25) - {
  "fieldName" : "gen_gov_expenses",
  "totalCount" : 241,
  "sampleCount" : 241,
  "matchCount" : 211,
  "nullCount" : 0,
  "blankCount" : 30,
  "distinctCount" : 211,
  "regExp" : "\\d*\\.?\\d+",
  "confidence" : 1.0,
  "type" : "Double",
  "decimalSeparator" : ".",
  "min" : "2964.0",
  "max" : "35039865.0",
  "minLength" : 7,
  "maxLength" : 11,
  "mean" : 1589763.677725118,
  "standardDeviation" : 3900321.3188361973,
  "topK" : [ "35039865.0", "27939800.0", "17788931.0", "17018725.0", "13158586.0", "11956298.0", "8686910.0", "8648539.0", "8240463.0", "7645271.0" ],
  "bottomK" : [ "2964.0", "11344.0", "16143.0", "17023.0", "17128.0", "19860.0", "23875.0", "26821.0", "27346.0", "28012.0" ],
  "leadingZeroCount" : 0,
  "cardinality" : 211,
  "outlierCardinality" : 0,
  "shapesCardinality" : 5,
  "leadingWhiteSpace" : false,
  "trailingWhiteSpace" : false,
  "multiline" : false,
  "logicalType" : false,
  "keyConfidence" : 0.0,
  "uniqueness" : 1.0,
  "detectionLocale" : "en-US",
  "ftaVersion" : "10.0.0",
  "structureSignature" : "l4VNw7pZa0rWiJKuyaHiUQa3ByA=",
  "dataSignature" : "mhrOKSQOzO4Wl6q51xzlnv0A0Ww="
}
Field 'finance_expenses' (26) - {
  "fieldName" : "finance_expenses",
  "totalCount" : 241,
  "sampleCount" : 241,
  "matchCount" : 38,
  "nullCount" : 0,
  "blankCount" : 203,
  "distinctCount" : 38,
  "regExp" : "\\d*\\.?\\d+",
  "confidence" : 1.0,
  "type" : "Double",
  "decimalSeparator" : ".",
  "min" : "2964.0",
  "max" : "2501082.0",
  "minLength" : 7,
  "maxLength" : 10,
  "mean" : 825900.894736842,
  "standardDeviation" : 551314.5537653756,
  "topK" : [ "2501082.0", "1885898.0", "1841449.0", "1632529.0", "1546031.0", "1444353.0", "1374722.0", "1259379.0", "1207948.0", "1136878.0" ],
  "bottomK" : [ "2964.0", "53195.0", "113712.0", "205030.0", "257897.0", "307278.0", "321259.0", "409551.0", "428404.0", "435443.0" ],
  "leadingZeroCount" : 0,
  "cardinality" : 38,
  "outlierCardinality" : 0,
  "shapesCardinality" : 4,
  "leadingWhiteSpace" : false,
  "trailingWhiteSpace" : false,
  "multiline" : false,
  "logicalType" : false,
  "keyConfidence" : 0.0,
  "uniqueness" : 1.0,
  "detectionLocale" : "en-US",
  "ftaVersion" : "10.0.0",
  "structureSignature" : "ZEgAG6J2kCMcHcGxey3F6wRhBQs=",
  "dataSignature" : "v+zmo1oYxJl/8dElstPH2mLH8qk="
}
Field 'library_expenses' (27) - {
  "fieldName" : "library_expenses",
  "totalCount" : 241,
  "sampleCount" : 241,
  "matchCount" : 211,
  "nullCount" : 0,
  "blankCount" : 30,
  "distinctCount" : 82,
  "regExp" : "\\d*\\.?\\d+",
  "confidence" : 1.0,
  "type" : "Double",
  "decimalSeparator" : ".",
  "min" : "0.0",
  "max" : "27244948.0",
  "minLength" : 4,
  "maxLength" : 11,
  "mean" : 462185.63981042645,
  "standardDeviation" : 2138183.06400332,
  "topK" : [ "27244948.0", "8538172.0", "8536870.0", "6130458.0", "4433093.0", "3917427.0", "2508368.0", "2461591.0", "1888987.0", "1815456.0" ],
  "bottomK" : [ "0.0", "1285.0", "1903.0", "3000.0", "3618.0", "4692.0", "6923.0", "8518.0", "11668.0", "23554.0" ],
  "leadingZeroCount" : 0,
  "cardinality" : 82,
  "outlierCardinality" : 0,
  "shapesCardinality" : 6,
  "leadingWhiteSpace" : false,
  "trailingWhiteSpace" : false,
  "multiline" : false,
  "logicalType" : false,
  "keyConfidence" : 0.0,
  "uniqueness" : 0.9878048780487805,
  "detectionLocale" : "en-US",
  "ftaVersion" : "10.0.0",
  "structureSignature" : "wNKU63j+uoAUTtsRU87qPwCn7oE=",
  "dataSignature" : "rszmDUPsmqzoRynfYdtjmaewYRM="
}
Field 'culture_parks_and_recreation_expenses' (28) - {
  "fieldName" : "culture_parks_and_recreation_expenses",
  "totalCount" : 241,
  "sampleCount" : 241,
  "matchCount" : 212,
  "nullCount" : 0,
  "blankCount" : 29,
  "distinctCount" : 180,
  "regExp" : "\\d*\\.?\\d+",
  "confidence" : 1.0,
  "type" : "Double",
  "decimalSeparator" : ".",
  "min" : "0.0",
  "max" : "86239951.0",
  "minLength" : 4,
  "maxLength" : 11,
  "mean" : 1168394.9386792453,
  "standardDeviation" : 6184647.988279018,
  "topK" : [ "86239951.0", "18530214.0", "12026141.0", "8139941.0", "7663429.0", "6787416.0", "6214551.0", "6107468.0", "5652323.0", "4855542.0" ],
  "bottomK" : [ "0.0", "141.0", "166.0", "331.0", "489.0", "1578.0", "2030.0", "2138.0", "3000.0", "4093.0" ],
  "leadingZeroCount" : 0,
  "cardinality" : 180,
  "outlierCardinality" : 0,
  "shapesCardinality" : 7,
  "leadingWhiteSpace" : false,
  "trailingWhiteSpace" : false,
  "multiline" : false,
  "logicalType" : false,
  "keyConfidence" : 0.0,
  "uniqueness" : 0.9944444444444445,
  "detectionLocale" : "en-US",
  "ftaVersion" : "10.0.0",
  "structureSignature" : "KZIZ1eRjZnL17IPBjfCDR8XMBmg=",
  "dataSignature" : "J5QX1V3Ll48cUHl5o15HmnY69Tw="
}
Field 'public_works_expenses' (29) - {
  "fieldName" : "public_works_expenses",
  "totalCount" : 241,
  "sampleCount" : 241,
  "matchCount" : 75,
  "nullCount" : 0,
  "blankCount" : 166,
  "distinctCount" : 58,
  "regExp" : "\\d*\\.?\\d+",
  "confidence" : 1.0,
  "type" : "Double",
  "decimalSeparator" : ".",
  "min" : "0.0",
  "max" : "18922196.0",
  "minLength" : 4,
  "maxLength" : 11,
  "mean" : 1092955.8933333335,
  "standardDeviation" : 2887737.3193773543,
  "topK" : [ "18922196.0", "9999372.0", "8027164.0", "7606128.0", "7426603.0", "6398448.0", "3204877.0", "3085327.0", "2770220.0", "1555703.0" ],
  "bottomK" : [ "0.0", "415.0", "440.0", "2067.0", "2508.0", "2800.0", "8995.0", "13000.0", "13775.0", "18272.0" ],
  "leadingZeroCount" : 0,
  "cardinality" : 58,
  "outlierCardinality" : 0,
  "shapesCardinality" : 7,
  "leadingWhiteSpace" : false,
  "trailingWhiteSpace" : false,
  "multiline" : false,
  "logicalType" : false,
  "keyConfidence" : 0.0,
  "uniqueness" : 0.9827586206896551,
  "detectionLocale" : "en-US",
  "ftaVersion" : "10.0.0",
  "structureSignature" : "KZIZ1eRjZnL17IPBjfCDR8XMBmg=",
  "dataSignature" : "4t5XQH+/YCmWBJ8NSq/VOnF71Lc="
}
Field 'comm_dev_expenses' (30) - {
  "fieldName" : "comm_dev_expenses",
  "totalCount" : 241,
  "sampleCount" : 241,
  "matchCount" : 194,
  "nullCount" : 0,
  "blankCount" : 47,
  "distinctCount" : 131,
  "regExp" : "\\d*\\.?\\d+",
  "confidence" : 1.0,
  "type" : "Double",
  "decimalSeparator" : ".",
  "min" : "0.0",
  "max" : "246432782.0",
  "minLength" : 4,
  "maxLength" : 12,
  "mean" : 2027333.7164948445,
  "standardDeviation" : 1.775790258982169E7,
  "topK" : [ "246432782.0", "17746249.0", "16373289.0", "14503498.0", "11642020.0", "9063061.0", "6981903.0", "6481996.0", "5108684.0", "5094804.0" ],
  "bottomK" : [ "0.0", "185.0", "656.0", "737.0", "1000.0", "2000.0", "2241.0", "2738.0", "2789.0", "3088.0" ],
  "leadingZeroCount" : 0,
  "cardinality" : 131,
  "outlierCardinality" : 0,
  "shapesCardinality" : 8,
  "leadingWhiteSpace" : false,
  "trailingWhiteSpace" : false,
  "multiline" : false,
  "logicalType" : false,
  "keyConfidence" : 0.0,
  "uniqueness" : 0.9923664122137404,
  "detectionLocale" : "en-US",
  "ftaVersion" : "10.0.0",
  "structureSignature" : "lIXWQhh3bX4PJkhuMHo6T+P7Kec=",
  "dataSignature" : "W5gwCAjIeWO/ZA9pnFRQpjwBgko="
}
Field 'water_expenses' (31) - {
  "fieldName" : "water_expenses",
  "totalCount" : 241,
  "sampleCount" : 241,
  "matchCount" : 219,
  "nullCount" : 0,
  "blankCount" : 22,
  "distinctCount" : 208,
  "regExp" : "\\d*\\.?\\d+",
  "confidence" : 1.0,
  "type" : "Double",
  "decimalSeparator" : ".",
  "min" : "0.0",
  "max" : "125471869.0",
  "minLength" : 4,
  "maxLength" : 12,
  "mean" : 2385746.4520547944,
  "standardDeviation" : 1.0606832131293101E7,
  "topK" : [ "125471869.0", "90890450.0", "18824380.0", "14930981.0", "14793685.0", "13122821.0", "10188929.0", "9921897.0", "8105748.0", "7508412.0" ],
  "bottomK" : [ "0.0", "2208.0", "14545.0", "14618.0", "16031.0", "31291.0", "32562.0", "38131.0", "41641.0", "52765.0" ],
  "leadingZeroCount" : 0,
  "cardinality" : 208,
  "outlierCardinality" : 0,
  "shapesCardinality" : 7,
  "leadingWhiteSpace" : false,
  "trailingWhiteSpace" : false,
  "multiline" : false,
  "logicalType" : false,
  "keyConfidence" : 0.0,
  "uniqueness" : 0.9951923076923077,
  "detectionLocale" : "en-US",
  "ftaVersion" : "10.0.0",
  "structureSignature" : "gbssxOUDPvujFGgjVzDpqR6qdAM=",
  "dataSignature" : "WEmyVDgQ5IwGij7F1GWoBq6iqPs="
}
Field 'wastewater_sewer_expenses' (32) - {
  "fieldName" : "wastewater_sewer_expenses",
  "totalCount" : 241,
  "sampleCount" : 241,
  "matchCount" : 197,
  "nullCount" : 0,
  "blankCount" : 44,
  "distinctCount" : 184,
  "regExp" : "\\d*\\.?\\d+",
  "confidence" : 1.0,
  "type" : "Double",
  "decimalSeparator" : ".",
  "min" : "0.0",
  "max" : "192355483.0",
  "minLength" : 4,
  "maxLength" : 12,
  "mean" : 2708124.000000001,
  "standardDeviation" : 1.3969236275672084E7,
  "topK" : [ "192355483.0", "28816569.0", "17270894.0", "17174860.0", "15997413.0", "15734500.0", "10035319.0", "8405893.0", "7833526.0", "7811354.0" ],
  "bottomK" : [ "0.0", "4051.0", "10640.0", "11153.0", "31628.0", "35367.0", "40811.0", "43469.0", "46603.0", "50926.0" ],
  "leadingZeroCount" : 0,
  "cardinality" : 184,
  "outlierCardinality" : 0,
  "shapesCardinality" : 7,
  "leadingWhiteSpace" : false,
  "trailingWhiteSpace" : false,
  "multiline" : false,
  "logicalType" : false,
  "keyConfidence" : 0.0,
  "uniqueness" : 0.9945652173913043,
  "detectionLocale" : "en-US",
  "ftaVersion" : "10.0.0",
  "structureSignature" : "gbssxOUDPvujFGgjVzDpqR6qdAM=",
  "dataSignature" : "M4IDBZ3hHfadpO14YNLTon+BdDk="
}
Field 'stormwater_expenses' (33) - {
  "fieldName" : "stormwater_expenses",
  "totalCount" : 241,
  "sampleCount" : 241,
  "matchCount" : 144,
  "nullCount" : 0,
  "blankCount" : 97,
  "distinctCount" : 52,
  "regExp" : "\\d*\\.?\\d+",
  "confidence" : 1.0,
  "type" : "Double",
  "decimalSeparator" : ".",
  "min" : "0.0",
  "max" : "18313800.0",
  "minLength" : 4,
  "maxLength" : 11,
  "mean" : 529534.1111111111,
  "standardDeviation" : 1881177.4427948159,
  "topK" : [ "18313800.0", "7589657.0", "5855396.0", "5829110.0", "5791832.0", "2877917.0", "2816543.0", "2426430.0", "2175457.0", "2132180.0" ],
  "bottomK" : [ "0.0", "2367.0", "14121.0", "17668.0", "25334.0", "25583.0", "29381.0", "38612.0", "48028.0", "54161.0" ],
  "leadingZeroCount" : 0,
  "cardinality" : 52,
  "outlierCardinality" : 0,
  "shapesCardinality" : 6,
  "leadingWhiteSpace" : false,
  "trailingWhiteSpace" : false,
  "multiline" : false,
  "logicalType" : false,
  "keyConfidence" : 0.0,
  "uniqueness" : 0.9807692307692307,
  "detectionLocale" : "en-US",
  "ftaVersion" : "10.0.0",
  "structureSignature" : "wNKU63j+uoAUTtsRU87qPwCn7oE=",
  "dataSignature" : "eJIZ5wf5xQT+bkRPov7AhTFAErs="
}
Field 'airport_expenses' (34) - {
  "fieldName" : "airport_expenses",
  "totalCount" : 241,
  "sampleCount" : 241,
  "matchCount" : 229,
  "nullCount" : 0,
  "blankCount" : 12,
  "distinctCount" : 27,
  "regExp" : "\\d*\\.?\\d+",
  "confidence" : 1.0,
  "type" : "Double",
  "decimalSeparator" : ".",
  "min" : "0.0",
  "max" : "14688010.0",
  "minLength" : 4,
  "maxLength" : 11,
  "mean" : 153328.08733624456,
  "standardDeviation" : 1120182.1978355711,
  "topK" : [ "14688010.0", "8044782.0", "1667206.0", "1635381.0", "1159526.0", "1116358.0", "913118.0", "784495.0", "776295.0", "754222.0" ],
  "bottomK" : [ "0.0", "947.0", "6814.0", "10817.0", "12849.0", "47323.0", "51582.0", "104807.0", "113348.0", "163521.0" ],
  "leadingZeroCount" : 0,
  "cardinality" : 27,
  "outlierCardinality" : 0,
  "shapesCardinality" : 7,
  "leadingWhiteSpace" : false,
  "trailingWhiteSpace" : false,
  "multiline" : false,
  "logicalType" : false,
  "keyConfidence" : 0.0,
  "uniqueness" : 0.9629629629629629,
  "detectionLocale" : "en-US",
  "ftaVersion" : "10.0.0",
  "structureSignature" : "KZIZ1eRjZnL17IPBjfCDR8XMBmg=",
  "dataSignature" : "402vKKC8zlKaKQY51bhIwx1abQc="
}
Field 'interest_and_long_term_debt_expenses' (35) - {
  "fieldName" : "interest_and_long_term_debt_expenses",
  "totalCount" : 241,
  "sampleCount" : 241,
  "matchCount" : 35,
  "nullCount" : 0,
  "blankCount" : 13,
  "distinctCount" : 1,
  "regExp" : "([+-]?([0-9]|[0-9][0-9]|1[0-7][0-9])\\.\\d+)|[+-]?180\\.0+|[+-]?\\d*\\.?\\d+([eE]([+-]?\\d{1,3}))?",
  "confidence" : 0.15350877192982457,
  "type" : "Double",
  "typeQualifier" : "COORDINATE.LONGITUDE_DECIMAL",
  "decimalSeparator" : ".",
  "min" : "0.0",
  "max" : "0.0",
  "minLength" : 4,
  "maxLength" : 12,
  "mean" : 0.0,
  "standardDeviation" : 0.0,
  "topK" : [ "0.0" ],
  "bottomK" : [ "0.0" ],
  "leadingZeroCount" : 0,
  "cardinality" : 1,
  "outlierCardinality" : -1,
  "shapesCardinality" : 8,
  "leadingWhiteSpace" : false,
  "trailingWhiteSpace" : false,
  "multiline" : false,
  "logicalType" : true,
  "keyConfidence" : 0.0,
  "uniqueness" : 0.0,
  "detectionLocale" : "en-US",
  "ftaVersion" : "10.0.0",
  "structureSignature" : "nDTXmMjlW1pm2Rav/0mJVPeRvKc=",
  "dataSignature" : "kQjwQ8rTkCCwdsfyXRqSl2K9L5M="
}
Field 'location_1' (36) - {
  "fieldName" : "location_1",
  "totalCount" : 241,
  "sampleCount" : 241,
  "matchCount" : 241,
  "nullCount" : 0,
  "blankCount" : 0,
  "distinctCount" : 241,
  "regExp" : "(?s).{37,51}",
  "confidence" : 1.0,
  "type" : "String",
  "min" : "\nAdair Village, Oregon \n(44.672177, -123.218392)",
  "max" : "\nYoncalla, Oregon \n(43.599614, -123.287011)",
  "minLength" : 37,
  "maxLength" : 51,
  "topK" : [ "\nYoncalla, Oregon \n(43.599614, -123.287011)", "\nYamhill, Oregon \n(45.342995, -123.187835)", "\nYachats, Oregon \n(44.314386, -124.104816)", "\nWoodburn, Oregon \n(45.148075, -122.860087)", "\nWood Village, Oregon \n(45.537125, -122.41839)", "\nWinston, Oregon \n(43.122196, -123.412842)", "\nWilsonville, Oregon \n(45.302941, -122.777992)", "\nWillamina, Oregon \n(45.079104, -123.484543)", "\nWheeler, Oregon \n(45.688802, -123.883611)", "\nWeston, Oregon \n(45.816744, -118.425207)" ],
  "bottomK" : [ "\nAdair Village, Oregon \n(44.672177, -123.218392)", "\nAdams, Oregon \n(45.766679, -118.563094)", "\nAdrian, Oregon \n(43.740599, -117.071842)", "\nAlbany, Oregon \n(44.618595, -123.090339)", "\nAmity, Oregon \n(45.114563, -123.204901)", "\nAntelope, Oregon \n(44.912101, -120.724496)", "\nArlington, Oregon \n(45.716946, -120.200682)", "\nAshland, Oregon \n(42.190417, -122.703274)", "\nAstoria, Oregon \n(46.18907, -123.8347)", "\nAthena, Oregon \n(45.812667, -118.491919)" ],
  "cardinality" : 241,
  "outlierCardinality" : 0,
  "shapesCardinality" : 59,
  "leadingWhiteSpace" : false,
  "trailingWhiteSpace" : false,
  "multiline" : true,
  "logicalType" : false,
  "keyConfidence" : 0.0,
  "uniqueness" : 1.0,
  "detectionLocale" : "en-US",
  "ftaVersion" : "10.0.0",
  "structureSignature" : "oaKKk9awkPB2/Oihq+zy3gASwcs=",
  "dataSignature" : "daBUB/qeFrdrQVl29LSHXjBWPuw="
}
Summary: File: data/opendata_socrata_com/data.orcities.org/3eg7-pp8i.csv, Types detected 37 of 37 (100.00%), Matched 6713, Samples 8917, Used Memory: 73.00.
Execution time (#fields: 37, #records: 241): initialization: 265ms, consumption: 2254ms, results: 333ms, total: 2852ms
